{"timestamp":"2025-03-24T04:07:27.343Z","userId":"1142408264743669840","username":"robloxbot_th","guildId":"1172495970215415808","guildName":"Robloxbot Inc, Software Developers","commandName":"status","options":{}}
{"timestamp":"2025-03-24T09:02:33.255Z","userId":"1142408264743669840","username":"robloxbot_th","guildId":"1172495970215415808","guildName":"Robloxbot Inc, Software Developers","commandName":"status","options":{}}
{"timestamp":"2025-03-24T12:31:44.392Z","userId":"1142408264743669840","username":"robloxbot_th","guildId":"1172495970215415808","guildName":"Robloxbot Inc, Software Developers","commandName":"location","options":{"place":"Bangkok","map_type":"yandex"}}
{"timestamp":"2025-03-24T13:56:22.889Z","userId":"1142408264743669840","username":"robloxbot_th","guildId":"1172495970215415808","guildName":"Robloxbot Inc, Software Developers","commandName":"location","options":{"place":"bangkok"}}
{"timestamp":"2025-03-24T14:24:36.886Z","userId":"1142408264743669840","username":"robloxbot_th","guildId":"1172495970215415808","guildName":"Robloxbot Inc, Software Developers","commandName":"location","options":{"place":"Kolkata"}}
{"timestamp":"2025-03-24T15:35:48.723Z","userId":"1142408264743669840","username":"robloxbot_th","guildId":"1287630814787539020","guildName":"Robloxbot (Test Bot Zone)","commandName":"location","options":{"place":"Bangkok","map_type":"romap"}}
{"timestamp":"2025-03-24T15:36:21.345Z","userId":"1142408264743669840","username":"robloxbot_th","guildId":"1287630814787539020","guildName":"Robloxbot (Test Bot Zone)","commandName":"location","options":{"place":"Bangkok"}}
{"timestamp":"2025-03-24T15:36:50.872Z","userId":"1142408264743669840","username":"robloxbot_th","guildId":"1287630814787539020","guildName":"Robloxbot (Test Bot Zone)","commandName":"satellite-map","options":{"place":"Bangkok","zoom":5,"map_type":"yandex_satellite"}}
{"timestamp":"2025-03-24T15:44:02.876Z","userId":"1142408264743669840","username":"robloxbot_th","guildId":"1287630814787539020","guildName":"Robloxbot (Test Bot Zone)","commandName":"location","options":{"place":"Phra Phutthabat","map_type":"romap"}}
{"timestamp":"2025-03-24T15:56:04.275Z","userId":"1142408264743669840","username":"robloxbot_th","guildId":"1172495970215415808","guildName":"Robloxbot Inc, Software Developers","commandName":"location","options":{"place":"Bangkok","map_type":"romap"}}
{"timestamp":"2025-03-24T15:57:35.900Z","userId":"1142408264743669840","username":"robloxbot_th","guildId":"1172495970215415808","guildName":"Robloxbot Inc, Software Developers","commandName":"satellite-map","options":{"place":"Bangkok","zoom":19}}
{"timestamp":"2025-03-24T15:57:58.897Z","userId":"1142408264743669840","username":"robloxbot_th","guildId":"1172495970215415808","guildName":"Robloxbot Inc, Software Developers","commandName":"satellite-map","options":{"place":"Bangkok","zoom":15}}
{"timestamp":"2025-03-24T16:04:09.148Z","userId":"1142408264743669840","username":"robloxbot_th","guildId":"1172495970215415808","guildName":"Robloxbot Inc, Software Developers","commandName":"location","options":{"place":"Bangkok","map_type":"romap"}}
{"timestamp":"2025-03-24T16:04:25.576Z","userId":"1142408264743669840","username":"robloxbot_th","guildId":"1172495970215415808","guildName":"Robloxbot Inc, Software Developers","commandName":"location","options":{"place":"Phra Phutthabat","map_type":"romap"}}
{"timestamp":"2025-03-24T16:04:36.573Z","userId":"1273286015758635172","username":"pt_nickanan.pata","guildId":"1172495970215415808","guildName":"Robloxbot Inc, Software Developers","commandName":"location","options":{"place":"ตะพานหิน"}}
{"timestamp":"2025-03-24T16:05:53.970Z","userId":"1273286015758635172","username":"pt_nickanan.pata","guildId":"1172495970215415808","guildName":"Robloxbot Inc, Software Developers","commandName":"location","options":{"place":"taphan hin","map_type":"romap"}}
{"timestamp":"2025-03-24T16:11:00.068Z","userId":"1142408264743669840","username":"robloxbot_th","guildId":"1172495970215415808","guildName":"Robloxbot Inc, Software Developers","commandName":"location","options":{"place":"Saraburi","map_type":"romap"}}
{"timestamp":"2025-03-24T16:11:16.231Z","userId":"1142408264743669840","username":"robloxbot_th","guildId":"1172495970215415808","guildName":"Robloxbot Inc, Software Developers","commandName":"location","options":{"place":"Saraburi"}}
{"timestamp":"2025-03-24T16:25:40.665Z","userId":"1142408264743669840","username":"robloxbot_th","guildId":"1172495970215415808","guildName":"Robloxbot Inc, Software Developers","commandName":"satellite-map","options":{"place":"Kolkata","zoom":12}}
{"timestamp":"2025-03-24T17:23:42.780Z","userId":"1142408264743669840","username":"robloxbot_th","guildId":"1172495970215415808","guildName":"Robloxbot Inc, Software Developers","commandName":"location","options":{"place":"Thailand","map_type":"romap"}}
{"timestamp":"2025-03-24T17:24:10.477Z","userId":"1142408264743669840","username":"robloxbot_th","guildId":"1172495970215415808","guildName":"Robloxbot Inc, Software Developers","commandName":"status","options":{}}
{"timestamp":"2025-03-24T17:24:24.252Z","userId":"1142408264743669840","username":"robloxbot_th","guildId":"1172495970215415808","guildName":"Robloxbot Inc, Software Developers","commandName":"location","options":{"place":"Thailand","map_type":"romap"}}
{"timestamp":"2025-03-24T17:30:31.886Z","userId":"1142408264743669840","username":"robloxbot_th","guildId":"1172495970215415808","guildName":"Robloxbot Inc, Software Developers","commandName":"location","options":{"place":"Phra Phutthabat","map_type":"yandex"}}
{"timestamp":"2025-03-24T17:30:51.224Z","userId":"1142408264743669840","username":"robloxbot_th","guildId":"1172495970215415808","guildName":"Robloxbot Inc, Software Developers","commandName":"satellite-map","options":{"place":"Phra Phutthabat","zoom":13}}
{"timestamp":"2025-03-24T17:32:46.826Z","userId":"1142408264743669840","username":"robloxbot_th","guildId":"DM","guildName":"Direct Message","commandName":"satellite-map","options":{"place":"Kuy","zoom":5}}
