{"timestamp":"2025-03-29T05:58:57.832Z","userId":"1142408264743669840","username":"robloxbot_th","guildId":"1172495970215415808","guildName":"Robloxbot Inc, Software Developers","commandName":"status","options":{}}
{"timestamp":"2025-03-29T05:59:18.496Z","userId":"1142408264743669840","username":"robloxbot_th","guildId":"1172495970215415808","guildName":"Robloxbot Inc, Software Developers","commandName":"location","options":{"place":"Bangkok"}}
{"timestamp":"2025-03-29T05:59:25.847Z","userId":"1142408264743669840","username":"robloxbot_th","guildId":"1172495970215415808","guildName":"Robloxbot Inc, Software Developers","commandName":"location","options":{"place":"Bangkok","map_type":"yandex"}}
{"timestamp":"2025-03-29T05:59:34.427Z","userId":"1142408264743669840","username":"robloxbot_th","guildId":"1172495970215415808","guildName":"Robloxbot Inc, Software Developers","commandName":"location","options":{"place":"Bangkok","map_type":"romap"}}
{"timestamp":"2025-03-29T06:09:27.001Z","userId":"1142408264743669840","username":"robloxbot_th","guildId":"1287630814787539020","guildName":"Robloxbot (Test Bot Zone)","commandName":"status","options":{}}
{"timestamp":"2025-03-29T06:14:43.911Z","userId":"1142408264743669840","username":"robloxbot_th","guildId":"1287630814787539020","guildName":"Robloxbot (Test Bot Zone)","commandName":"location","options":{"place":"Bangkok","map_type":"geoapify"}}
{"timestamp":"2025-03-29T06:17:49.581Z","userId":"1142408264743669840","username":"robloxbot_th","guildId":"1287630814787539020","guildName":"Robloxbot (Test Bot Zone)","commandName":"location","options":{"place":"Thailand","map_type":"geoapify"}}
{"timestamp":"2025-03-29T06:27:24.790Z","userId":"1142408264743669840","username":"robloxbot_th","guildId":"1172495970215415808","guildName":"Robloxbot Inc, Software Developers","commandName":"location","options":{"place":"Bangkok","map_type":"geoapify"}}
{"timestamp":"2025-03-29T06:48:28.970Z","userId":"1142408264743669840","username":"robloxbot_th","guildId":"1287630814787539020","guildName":"Robloxbot (Test Bot Zone)","commandName":"location","options":{"place":"Bangkok"}}
{"timestamp":"2025-03-29T07:07:53.925Z","userId":"1142408264743669840","username":"robloxbot_th","guildId":"1287630814787539020","guildName":"Robloxbot (Test Bot Zone)","commandName":"location","options":{"place":"Bangkok","map_type":"romap"}}
{"timestamp":"2025-03-29T07:12:20.682Z","userId":"1142408264743669840","username":"robloxbot_th","guildId":"1287630814787539020","guildName":"Robloxbot (Test Bot Zone)","commandName":"location","options":{"place":"Bangkok"}}
{"timestamp":"2025-03-29T07:12:31.239Z","userId":"1142408264743669840","username":"robloxbot_th","guildId":"1287630814787539020","guildName":"Robloxbot (Test Bot Zone)","commandName":"location","options":{"place":"Bangkok","map_type":"maptoolkit"}}
{"timestamp":"2025-03-29T07:19:55.012Z","userId":"1142408264743669840","username":"robloxbot_th","guildId":"1287630814787539020","guildName":"Robloxbot (Test Bot Zone)","commandName":"location","options":{"place":"Bangkok"}}
{"timestamp":"2025-03-29T07:24:21.679Z","userId":"1142408264743669840","username":"robloxbot_th","guildId":"1287630814787539020","guildName":"Robloxbot (Test Bot Zone)","commandName":"location","options":{"place":"Thailand"}}
{"timestamp":"2025-03-29T07:24:34.043Z","userId":"1142408264743669840","username":"robloxbot_th","guildId":"1287630814787539020","guildName":"Robloxbot (Test Bot Zone)","commandName":"location","options":{"place":"Thailand","map_type":"romap"}}
{"timestamp":"2025-03-29T07:24:41.658Z","userId":"1142408264743669840","username":"robloxbot_th","guildId":"1287630814787539020","guildName":"Robloxbot (Test Bot Zone)","commandName":"location","options":{"place":"Bangkok"}}
{"timestamp":"2025-03-29T07:24:55.447Z","userId":"1142408264743669840","username":"robloxbot_th","guildId":"1287630814787539020","guildName":"Robloxbot (Test Bot Zone)","commandName":"location","options":{"place":"Bangkok","map_type":"yandex"}}
{"timestamp":"2025-03-29T07:29:51.803Z","userId":"1142408264743669840","username":"robloxbot_th","guildId":"1287630814787539020","guildName":"Robloxbot (Test Bot Zone)","commandName":"status","options":{}}
{"timestamp":"2025-03-29T07:30:20.975Z","userId":"1142408264743669840","username":"robloxbot_th","guildId":"1287630814787539020","guildName":"Robloxbot (Test Bot Zone)","commandName":"location","options":{"place":"Bangkok","map_type":"journey"}}
{"timestamp":"2025-03-29T07:30:34.944Z","userId":"1142408264743669840","username":"robloxbot_th","guildId":"1287630814787539020","guildName":"Robloxbot (Test Bot Zone)","commandName":"location","options":{"place":"Bangkok","map_type":"maptoolkit"}}
